<?xml version="1.0" encoding="UTF-8"?>
<!-- Generated by org.testng.reporters.JUnitReportReporter -->
<testsuite hostname="WIZELINE.local" failures="0" tests="2" name="Tests.Tests" time="25.100" errors="0" timestamp="2023-03-01T17:51:11 CST" skipped="0">
  <testcase classname="Tests.Tests" name="TestInvalidLogin" time="11.885"/>
  <system-out/>
  <testcase classname="Tests.Tests" name="TestSearchProduct" time="13.215"/>
  <system-out/>
</testsuite> <!-- Tests.Tests -->
