<?xml version="1.0" encoding="UTF-8"?>
<!-- Generated by org.testng.reporters.JUnitReportReporter -->
<testsuite hostname="WIZELINE.local" failures="0" tests="2" name="Tests.Tests" time="30.849" errors="0" timestamp="2023-03-01T14:59:52 CST" skipped="0">
  <testcase classname="Tests.Tests" name="TestInvalidLogin" time="13.371"/>
  <system-out/>
  <testcase classname="Tests.Tests" name="TestSearchProduct" time="17.478"/>
  <system-out/>
</testsuite> <!-- Tests.Tests -->
