<?xml version="1.0" encoding="UTF-8"?>
<!-- Generated by org.testng.reporters.JUnitReportReporter -->
<testsuite hostname="WIZELINE.local" failures="0" tests="2" name="Tests.Tests" time="17.828" errors="0" timestamp="2023-02-23T16:35:20 CST" skipped="0">
  <testcase classname="Tests.Tests" name="TestInvalidLogin" time="6.508"/>
  <system-out/>
  <testcase classname="Tests.Tests" name="Test1" time="11.320"/>
  <system-out/>
</testsuite> <!-- Tests.Tests -->
