<?xml version="1.0" encoding="UTF-8"?>
<!-- Generated by org.testng.reporters.JUnitReportReporter -->
<testsuite hostname="WIZELINE.local" failures="0" tests="2" name="Tests.Tests" time="39.912" errors="0" timestamp="2023-03-02T13:10:27 CST" skipped="0">
  <testcase classname="Tests.Tests" name="TestSearchProduct" time="23.904"/>
  <system-out/>
  <testcase classname="Tests.Tests" name="TestInvalidLogin" time="16.008"/>
  <system-out/>
</testsuite> <!-- Tests.Tests -->
